<?xml version="1.0" encoding="UTF-8"?>
<testng-results ignored="2" total="16" passed="12" failed="2" skipped="0">
  <reporter-output>
  </reporter-output>
  <suite started-at="2024-04-30T22:25:58 IST" name="Suite" finished-at="2024-04-30T22:28:26 IST" duration-ms="147802">
    <groups>
      <group name="cucumber">
        <method signature="AbstractTestNGCucumberTests.runScenario(io.cucumber.testng.PickleWrapper,io.cucumber.testng.FeatureWrapper)[pri:0, instance:testcases.Create_Lead_01@34e9fd99]" name="runScenario" class="io.cucumber.testng.AbstractTestNGCucumberTests"/>
        <method signature="AbstractTestNGCucumberTests.runScenario(io.cucumber.testng.PickleWrapper,io.cucumber.testng.FeatureWrapper)[pri:0, instance:testcases.Login_TC_01@22ff4249]" name="runScenario" class="io.cucumber.testng.AbstractTestNGCucumberTests"/>
      </group> <!-- cucumber -->
    </groups>
    <test started-at="2024-04-30T22:25:58 IST" name="Test" finished-at="2024-04-30T22:28:26 IST" duration-ms="147802">
      <class name="testcases.Login_TC_01">
        <test-method is-config="true" signature="setValue()[pri:0, instance:testcases.Login_TC_01@22ff4249]" started-at="2024-04-30T22:25:58 IST" name="setValue" finished-at="2024-04-30T22:25:58 IST" duration-ms="0" status="PASS">
          <reporter-output>
          </reporter-output>
        </test-method> <!-- setValue -->
        <test-method is-config="true" signature="setUpClass(org.testng.ITestContext)[pri:0, instance:testcases.Login_TC_01@22ff4249]" started-at="2024-04-30T22:25:58 IST" name="setUpClass" finished-at="2024-04-30T22:25:58 IST" duration-ms="581" status="PASS">
          <params>
            <param index="0">
              <value>
                <![CDATA[org.testng.TestRunner@31bcf236]]>
              </value>
            </param>
          </params>
          <reporter-output>
          </reporter-output>
        </test-method> <!-- setUpClass -->
        <test-method is-config="true" signature="startTestCase()[pri:0, instance:testcases.Login_TC_01@22ff4249]" started-at="2024-04-30T22:25:58 IST" name="startTestCase" finished-at="2024-04-30T22:25:58 IST" duration-ms="10" status="PASS">
          <reporter-output>
          </reporter-output>
        </test-method> <!-- startTestCase -->
        <test-method is-config="true" signature="preCondition(java.lang.String)[pri:0, instance:testcases.Login_TC_01@22ff4249]" started-at="2024-04-30T22:25:58 IST" name="preCondition" finished-at="2024-04-30T22:26:07 IST" duration-ms="8547" status="PASS">
          <params>
            <param index="0">
              <value>
                <![CDATA[english]]>
              </value>
            </param>
          </params>
          <reporter-output>
          </reporter-output>
        </test-method> <!-- preCondition -->
        <test-method signature="runScenario(io.cucumber.testng.PickleWrapper,io.cucumber.testng.FeatureWrapper)[pri:0, instance:testcases.Login_TC_01@22ff4249]" started-at="2024-04-30T22:26:07 IST" name="runScenario" description="Runs Cucumber Scenarios" data-provider="scenarios" finished-at="2024-04-30T22:26:22 IST" duration-ms="14820" status="PASS">
          <params>
            <param index="0">
              <value>
                <![CDATA["Verify if the user is able to create a lead in application"]]>
              </value>
            </param>
            <param index="1">
              <value>
                <![CDATA["Optional[Create Lead functionality of the application]"]]>
              </value>
            </param>
          </params>
          <reporter-output>
          </reporter-output>
        </test-method> <!-- runScenario -->
        <test-method is-config="true" signature="postCondition()[pri:0, instance:testcases.Login_TC_01@22ff4249]" started-at="2024-04-30T22:26:22 IST" name="postCondition" finished-at="2024-04-30T22:26:22 IST" duration-ms="211" status="PASS">
          <reporter-output>
          </reporter-output>
        </test-method> <!-- postCondition -->
        <test-method is-config="true" signature="preCondition(java.lang.String)[pri:0, instance:testcases.Login_TC_01@22ff4249]" started-at="2024-04-30T22:26:22 IST" name="preCondition" finished-at="2024-04-30T22:26:29 IST" duration-ms="6969" status="PASS">
          <params>
            <param index="0">
              <value>
                <![CDATA[english]]>
              </value>
            </param>
          </params>
          <reporter-output>
          </reporter-output>
        </test-method> <!-- preCondition -->
        <test-method signature="runScenario(io.cucumber.testng.PickleWrapper,io.cucumber.testng.FeatureWrapper)[pri:0, instance:testcases.Login_TC_01@22ff4249]" started-at="2024-04-30T22:26:29 IST" name="runScenario" description="Runs Cucumber Scenarios" data-provider="scenarios" finished-at="2024-04-30T22:26:41 IST" duration-ms="12452" status="PASS">
          <params>
            <param index="0">
              <value>
                <![CDATA["Verify if the user is able to create a lead in application"]]>
              </value>
            </param>
            <param index="1">
              <value>
                <![CDATA["Optional[Create Lead functionality of the application]"]]>
              </value>
            </param>
          </params>
          <reporter-output>
          </reporter-output>
        </test-method> <!-- runScenario -->
        <test-method is-config="true" signature="postCondition()[pri:0, instance:testcases.Login_TC_01@22ff4249]" started-at="2024-04-30T22:26:41 IST" name="postCondition" finished-at="2024-04-30T22:26:42 IST" duration-ms="193" status="PASS">
          <reporter-output>
          </reporter-output>
        </test-method> <!-- postCondition -->
        <test-method is-config="true" signature="preCondition(java.lang.String)[pri:0, instance:testcases.Login_TC_01@22ff4249]" started-at="2024-04-30T22:26:42 IST" name="preCondition" finished-at="2024-04-30T22:26:48 IST" duration-ms="6882" status="PASS">
          <params>
            <param index="0">
              <value>
                <![CDATA[english]]>
              </value>
            </param>
          </params>
          <reporter-output>
          </reporter-output>
        </test-method> <!-- preCondition -->
        <test-method signature="runScenario(io.cucumber.testng.PickleWrapper,io.cucumber.testng.FeatureWrapper)[pri:0, instance:testcases.Login_TC_01@22ff4249]" started-at="2024-04-30T22:26:48 IST" name="runScenario" description="Runs Cucumber Scenarios" data-provider="scenarios" finished-at="2024-04-30T22:26:50 IST" duration-ms="1318" status="PASS">
          <params>
            <param index="0">
              <value>
                <![CDATA["Verify if the user is able to login to the Application with valid username and password"]]>
              </value>
            </param>
            <param index="1">
              <value>
                <![CDATA["Optional[Login Functionality]"]]>
              </value>
            </param>
          </params>
          <reporter-output>
          </reporter-output>
        </test-method> <!-- runScenario -->
        <test-method is-config="true" signature="postCondition()[pri:0, instance:testcases.Login_TC_01@22ff4249]" started-at="2024-04-30T22:26:50 IST" name="postCondition" finished-at="2024-04-30T22:26:50 IST" duration-ms="290" status="PASS">
          <reporter-output>
          </reporter-output>
        </test-method> <!-- postCondition -->
        <test-method is-config="true" signature="preCondition(java.lang.String)[pri:0, instance:testcases.Login_TC_01@22ff4249]" started-at="2024-04-30T22:26:50 IST" name="preCondition" finished-at="2024-04-30T22:26:59 IST" duration-ms="8921" status="PASS">
          <params>
            <param index="0">
              <value>
                <![CDATA[english]]>
              </value>
            </param>
          </params>
          <reporter-output>
          </reporter-output>
        </test-method> <!-- preCondition -->
        <test-method signature="runScenario(io.cucumber.testng.PickleWrapper,io.cucumber.testng.FeatureWrapper)[pri:0, instance:testcases.Login_TC_01@22ff4249]" started-at="2024-04-30T22:26:59 IST" name="runScenario" description="Runs Cucumber Scenarios" data-provider="scenarios" finished-at="2024-04-30T22:27:31 IST" duration-ms="31710" status="FAIL">
          <params>
            <param index="0">
              <value>
                <![CDATA["Verify if the user is able to login to the Application with valid username and invalid password"]]>
              </value>
            </param>
            <param index="1">
              <value>
                <![CDATA["Optional[Login Functionality]"]]>
              </value>
            </param>
          </params>
          <exception class="org.openqa.selenium.NoSuchElementException">
            <message>
              <![CDATA[no such element: Unable to locate element: {"method":"xpath","selector":"//h2[text()='Leaftaps Login']"}
  (Session info: chrome=124.0.6367.78)
For documentation on this error, please visit: https://www.selenium.dev/documentation/webdriver/troubleshooting/errors#no-such-element-exception
Build info: version: '4.17.0', revision: 'e52b1be057*'
System info: os.name: 'Linux', os.arch: 'amd64', os.version: '5.15.0-91-generic', java.version: '11.0.22'
Driver info: org.openqa.selenium.chrome.ChromeDriver
Command: [ac805a3158277e41296c5a9b976dde2a, findElement {value=//h2[text()='Leaftaps Login'], using=xpath}]
Capabilities {acceptInsecureCerts: false, browserName: chrome, browserVersion: 124.0.6367.78, chrome: {chromedriverVersion: 124.0.6367.78 (a087f2dd364d..., userDataDir: /tmp/.org.chromium.Chromium...}, fedcm:accounts: true, goog:chromeOptions: {debuggerAddress: localhost:45453}, networkConnectionEnabled: false, pageLoadStrategy: normal, platformName: linux, proxy: Proxy(), se:cdp: ws://localhost:45453/devtoo..., se:cdpVersion: 124.0.6367.78, setWindowRect: true, strictFileInteractability: false, timeouts: {implicit: 30000, pageLoad: 300000, script: 30000}, unhandledPromptBehavior: dismiss and notify, webauthn:extension:credBlob: true, webauthn:extension:largeBlob: true, webauthn:extension:minPinLength: true, webauthn:extension:prf: true, webauthn:virtualAuthenticators: true}
Session ID: ac805a3158277e41296c5a9b976dde2a]]>
            </message>
            <full-stacktrace>
              <![CDATA[org.openqa.selenium.NoSuchElementException: no such element: Unable to locate element: {"method":"xpath","selector":"//h2[text()='Leaftaps Login']"}
  (Session info: chrome=124.0.6367.78)
For documentation on this error, please visit: https://www.selenium.dev/documentation/webdriver/troubleshooting/errors#no-such-element-exception
Build info: version: '4.17.0', revision: 'e52b1be057*'
System info: os.name: 'Linux', os.arch: 'amd64', os.version: '5.15.0-91-generic', java.version: '11.0.22'
Driver info: org.openqa.selenium.chrome.ChromeDriver
Command: [ac805a3158277e41296c5a9b976dde2a, findElement {value=//h2[text()='Leaftaps Login'], using=xpath}]
Capabilities {acceptInsecureCerts: false, browserName: chrome, browserVersion: 124.0.6367.78, chrome: {chromedriverVersion: 124.0.6367.78 (a087f2dd364d..., userDataDir: /tmp/.org.chromium.Chromium...}, fedcm:accounts: true, goog:chromeOptions: {debuggerAddress: localhost:45453}, networkConnectionEnabled: false, pageLoadStrategy: normal, platformName: linux, proxy: Proxy(), se:cdp: ws://localhost:45453/devtoo..., se:cdpVersion: 124.0.6367.78, setWindowRect: true, strictFileInteractability: false, timeouts: {implicit: 30000, pageLoad: 300000, script: 30000}, unhandledPromptBehavior: dismiss and notify, webauthn:extension:credBlob: true, webauthn:extension:largeBlob: true, webauthn:extension:minPinLength: true, webauthn:extension:prf: true, webauthn:virtualAuthenticators: true}
Session ID: ac805a3158277e41296c5a9b976dde2a
at java.base/jdk.internal.reflect.NativeConstructorAccessorImpl.newInstance0(Native Method)
at java.base/jdk.internal.reflect.NativeConstructorAccessorImpl.newInstance(NativeConstructorAccessorImpl.java:62)
at java.base/jdk.internal.reflect.DelegatingConstructorAccessorImpl.newInstance(DelegatingConstructorAccessorImpl.java:45)
at java.base/java.lang.reflect.Constructor.newInstance(Constructor.java:490)
at org.openqa.selenium.remote.codec.w3c.W3CHttpResponseCodec.createException(W3CHttpResponseCodec.java:185)
at org.openqa.selenium.remote.codec.w3c.W3CHttpResponseCodec.decode(W3CHttpResponseCodec.java:134)
at org.openqa.selenium.remote.codec.w3c.W3CHttpResponseCodec.decode(W3CHttpResponseCodec.java:51)
at org.openqa.selenium.remote.HttpCommandExecutor.execute(HttpCommandExecutor.java:190)
at org.openqa.selenium.remote.service.DriverCommandExecutor.invokeExecute(DriverCommandExecutor.java:216)
at org.openqa.selenium.remote.service.DriverCommandExecutor.execute(DriverCommandExecutor.java:174)
at org.openqa.selenium.remote.RemoteWebDriver.execute(RemoteWebDriver.java:519)
at org.openqa.selenium.remote.ElementLocation$ElementFinder$2.findElement(ElementLocation.java:165)
at org.openqa.selenium.remote.ElementLocation.findElement(ElementLocation.java:59)
at org.openqa.selenium.remote.RemoteWebDriver.findElement(RemoteWebDriver.java:356)
at org.openqa.selenium.remote.RemoteWebDriver.findElement(RemoteWebDriver.java:350)
at pages.LoginPage.verifyLoginpage(LoginPage.java:59)
at ✽.User should not be logged in successfully(file:///home/oem/Pictures/Obsolete/Selenium-master/CucumberFramework/src/main/java/feature/Login.feature:29)
]]>
            </full-stacktrace>
          </exception> <!-- org.openqa.selenium.NoSuchElementException -->
          <reporter-output>
          </reporter-output>
        </test-method> <!-- runScenario -->
        <test-method is-config="true" signature="postCondition()[pri:0, instance:testcases.Login_TC_01@22ff4249]" started-at="2024-04-30T22:27:31 IST" name="postCondition" finished-at="2024-04-30T22:27:31 IST" duration-ms="147" status="PASS">
          <reporter-output>
          </reporter-output>
        </test-method> <!-- postCondition -->
        <test-method is-config="true" signature="preCondition(java.lang.String)[pri:0, instance:testcases.Login_TC_01@22ff4249]" started-at="2024-04-30T22:27:31 IST" name="preCondition" finished-at="2024-04-30T22:27:37 IST" duration-ms="5768" status="PASS">
          <params>
            <param index="0">
              <value>
                <![CDATA[english]]>
              </value>
            </param>
          </params>
          <reporter-output>
          </reporter-output>
        </test-method> <!-- preCondition -->
        <test-method signature="runScenario(io.cucumber.testng.PickleWrapper,io.cucumber.testng.FeatureWrapper)[pri:0, instance:testcases.Login_TC_01@22ff4249]" started-at="2024-04-30T22:27:37 IST" name="runScenario" description="Runs Cucumber Scenarios" data-provider="scenarios" finished-at="2024-04-30T22:27:41 IST" duration-ms="4157" status="PASS">
          <params>
            <param index="0">
              <value>
                <![CDATA["Verify if the user is able to login to the Application with valid username and invalid password"]]>
              </value>
            </param>
            <param index="1">
              <value>
                <![CDATA["Optional[Login Functionality]"]]>
              </value>
            </param>
          </params>
          <reporter-output>
          </reporter-output>
        </test-method> <!-- runScenario -->
        <test-method is-config="true" signature="postCondition()[pri:0, instance:testcases.Login_TC_01@22ff4249]" started-at="2024-04-30T22:27:41 IST" name="postCondition" finished-at="2024-04-30T22:27:41 IST" duration-ms="234" status="PASS">
          <reporter-output>
          </reporter-output>
        </test-method> <!-- postCondition -->
        <test-method is-config="true" signature="preCondition(java.lang.String)[pri:0, instance:testcases.Login_TC_01@22ff4249]" started-at="2024-04-30T22:27:41 IST" name="preCondition" finished-at="2024-04-30T22:27:49 IST" duration-ms="7700" status="PASS">
          <params>
            <param index="0">
              <value>
                <![CDATA[english]]>
              </value>
            </param>
          </params>
          <reporter-output>
          </reporter-output>
        </test-method> <!-- preCondition -->
        <test-method signature="runLogin(java.util.Map)[pri:0, instance:testcases.Login_TC_01@22ff4249]" started-at="2024-04-30T22:27:49 IST" name="runLogin" data-provider="fetchData" finished-at="2024-04-30T22:27:50 IST" duration-ms="1223" status="PASS">
          <params>
            <param index="0">
              <value>
                <![CDATA[{password=crmsfa, username=DemoCSR}]]>
              </value>
            </param>
          </params>
          <reporter-output>
          </reporter-output>
        </test-method> <!-- runLogin -->
        <test-method is-config="true" signature="postCondition()[pri:0, instance:testcases.Login_TC_01@22ff4249]" started-at="2024-04-30T22:27:50 IST" name="postCondition" finished-at="2024-04-30T22:27:50 IST" duration-ms="206" status="PASS">
          <reporter-output>
          </reporter-output>
        </test-method> <!-- postCondition -->
        <test-method is-config="true" signature="preCondition(java.lang.String)[pri:0, instance:testcases.Login_TC_01@22ff4249]" started-at="2024-04-30T22:27:50 IST" name="preCondition" finished-at="2024-04-30T22:28:00 IST" duration-ms="9314" status="PASS">
          <params>
            <param index="0">
              <value>
                <![CDATA[english]]>
              </value>
            </param>
          </params>
          <reporter-output>
          </reporter-output>
        </test-method> <!-- preCondition -->
        <test-method signature="runLogin(java.util.Map)[pri:0, instance:testcases.Login_TC_01@22ff4249]" started-at="2024-04-30T22:28:00 IST" name="runLogin" data-provider="fetchData" finished-at="2024-04-30T22:28:03 IST" duration-ms="3089" status="PASS">
          <params>
            <param index="0">
              <value>
                <![CDATA[{password=crmsfa, username=DemoCSR2}]]>
              </value>
            </param>
          </params>
          <reporter-output>
          </reporter-output>
        </test-method> <!-- runLogin -->
        <test-method is-config="true" signature="postCondition()[pri:0, instance:testcases.Login_TC_01@22ff4249]" started-at="2024-04-30T22:28:03 IST" name="postCondition" finished-at="2024-04-30T22:28:03 IST" duration-ms="364" status="PASS">
          <reporter-output>
          </reporter-output>
        </test-method> <!-- postCondition -->
        <test-method is-config="true" signature="tearDownClass()[pri:0, instance:testcases.Login_TC_01@22ff4249]" started-at="2024-04-30T22:28:03 IST" name="tearDownClass" finished-at="2024-04-30T22:28:03 IST" duration-ms="106" status="PASS">
          <reporter-output>
          </reporter-output>
        </test-method> <!-- tearDownClass -->
      </class> <!-- testcases.Login_TC_01 -->
      <class name="testcases.Create_Lead_01">
        <test-method is-config="true" signature="startReport()[pri:0, instance:testcases.Create_Lead_01@34e9fd99]" started-at="2024-04-30T22:25:57 IST" name="startReport" finished-at="2024-04-30T22:25:58 IST" duration-ms="372" status="PASS">
          <reporter-output>
          </reporter-output>
        </test-method> <!-- startReport -->
        <test-method is-config="true" signature="setValue()[pri:0, instance:testcases.Create_Lead_01@34e9fd99]" started-at="2024-04-30T22:25:58 IST" name="setValue" finished-at="2024-04-30T22:25:58 IST" duration-ms="0" status="PASS">
          <reporter-output>
          </reporter-output>
        </test-method> <!-- setValue -->
        <test-method is-config="true" signature="setUpClass(org.testng.ITestContext)[pri:0, instance:testcases.Create_Lead_01@34e9fd99]" started-at="2024-04-30T22:25:58 IST" name="setUpClass" finished-at="2024-04-30T22:25:58 IST" duration-ms="592" status="PASS">
          <params>
            <param index="0">
              <value>
                <![CDATA[org.testng.TestRunner@31bcf236]]>
              </value>
            </param>
          </params>
          <reporter-output>
          </reporter-output>
        </test-method> <!-- setUpClass -->
        <test-method is-config="true" signature="startTestCase()[pri:0, instance:testcases.Create_Lead_01@34e9fd99]" started-at="2024-04-30T22:25:58 IST" name="startTestCase" finished-at="2024-04-30T22:25:58 IST" duration-ms="8" status="PASS">
          <reporter-output>
          </reporter-output>
        </test-method> <!-- startTestCase -->
        <test-method is-config="true" signature="preCondition(java.lang.String)[pri:0, instance:testcases.Create_Lead_01@34e9fd99]" started-at="2024-04-30T22:25:58 IST" name="preCondition" finished-at="2024-04-30T22:26:07 IST" duration-ms="8786" status="PASS">
          <params>
            <param index="0">
              <value>
                <![CDATA[english]]>
              </value>
            </param>
          </params>
          <reporter-output>
          </reporter-output>
        </test-method> <!-- preCondition -->
        <test-method signature="runScenario(io.cucumber.testng.PickleWrapper,io.cucumber.testng.FeatureWrapper)[pri:0, instance:testcases.Create_Lead_01@34e9fd99]" started-at="2024-04-30T22:26:07 IST" name="runScenario" description="Runs Cucumber Scenarios" data-provider="scenarios" finished-at="2024-04-30T22:26:23 IST" duration-ms="15701" status="PASS">
          <params>
            <param index="0">
              <value>
                <![CDATA["Verify if the user is able to create a lead in application"]]>
              </value>
            </param>
            <param index="1">
              <value>
                <![CDATA["Optional[Create Lead functionality of the application]"]]>
              </value>
            </param>
          </params>
          <reporter-output>
          </reporter-output>
        </test-method> <!-- runScenario -->
        <test-method is-config="true" signature="postCondition()[pri:0, instance:testcases.Create_Lead_01@34e9fd99]" started-at="2024-04-30T22:26:23 IST" name="postCondition" finished-at="2024-04-30T22:26:23 IST" duration-ms="181" status="PASS">
          <reporter-output>
          </reporter-output>
        </test-method> <!-- postCondition -->
        <test-method is-config="true" signature="preCondition(java.lang.String)[pri:0, instance:testcases.Create_Lead_01@34e9fd99]" started-at="2024-04-30T22:26:23 IST" name="preCondition" finished-at="2024-04-30T22:26:30 IST" duration-ms="7342" status="PASS">
          <params>
            <param index="0">
              <value>
                <![CDATA[english]]>
              </value>
            </param>
          </params>
          <reporter-output>
          </reporter-output>
        </test-method> <!-- preCondition -->
        <test-method signature="runScenario(io.cucumber.testng.PickleWrapper,io.cucumber.testng.FeatureWrapper)[pri:0, instance:testcases.Create_Lead_01@34e9fd99]" started-at="2024-04-30T22:26:30 IST" name="runScenario" description="Runs Cucumber Scenarios" data-provider="scenarios" finished-at="2024-04-30T22:26:44 IST" duration-ms="13542" status="PASS">
          <params>
            <param index="0">
              <value>
                <![CDATA["Verify if the user is able to create a lead in application"]]>
              </value>
            </param>
            <param index="1">
              <value>
                <![CDATA["Optional[Create Lead functionality of the application]"]]>
              </value>
            </param>
          </params>
          <reporter-output>
          </reporter-output>
        </test-method> <!-- runScenario -->
        <test-method is-config="true" signature="postCondition()[pri:0, instance:testcases.Create_Lead_01@34e9fd99]" started-at="2024-04-30T22:26:44 IST" name="postCondition" finished-at="2024-04-30T22:26:44 IST" duration-ms="278" status="PASS">
          <reporter-output>
          </reporter-output>
        </test-method> <!-- postCondition -->
        <test-method is-config="true" signature="preCondition(java.lang.String)[pri:0, instance:testcases.Create_Lead_01@34e9fd99]" started-at="2024-04-30T22:26:44 IST" name="preCondition" finished-at="2024-04-30T22:26:51 IST" duration-ms="7036" status="PASS">
          <params>
            <param index="0">
              <value>
                <![CDATA[english]]>
              </value>
            </param>
          </params>
          <reporter-output>
          </reporter-output>
        </test-method> <!-- preCondition -->
        <test-method signature="runScenario(io.cucumber.testng.PickleWrapper,io.cucumber.testng.FeatureWrapper)[pri:0, instance:testcases.Create_Lead_01@34e9fd99]" started-at="2024-04-30T22:26:51 IST" name="runScenario" description="Runs Cucumber Scenarios" data-provider="scenarios" finished-at="2024-04-30T22:26:53 IST" duration-ms="2237" status="PASS">
          <params>
            <param index="0">
              <value>
                <![CDATA["Verify if the user is able to login to the Application with valid username and password"]]>
              </value>
            </param>
            <param index="1">
              <value>
                <![CDATA["Optional[Login Functionality]"]]>
              </value>
            </param>
          </params>
          <reporter-output>
          </reporter-output>
        </test-method> <!-- runScenario -->
        <test-method is-config="true" signature="postCondition()[pri:0, instance:testcases.Create_Lead_01@34e9fd99]" started-at="2024-04-30T22:26:53 IST" name="postCondition" finished-at="2024-04-30T22:26:54 IST" duration-ms="341" status="PASS">
          <reporter-output>
          </reporter-output>
        </test-method> <!-- postCondition -->
        <test-method is-config="true" signature="preCondition(java.lang.String)[pri:0, instance:testcases.Create_Lead_01@34e9fd99]" started-at="2024-04-30T22:26:54 IST" name="preCondition" finished-at="2024-04-30T22:27:02 IST" duration-ms="8194" status="PASS">
          <params>
            <param index="0">
              <value>
                <![CDATA[english]]>
              </value>
            </param>
          </params>
          <reporter-output>
          </reporter-output>
        </test-method> <!-- preCondition -->
        <test-method signature="runScenario(io.cucumber.testng.PickleWrapper,io.cucumber.testng.FeatureWrapper)[pri:0, instance:testcases.Create_Lead_01@34e9fd99]" started-at="2024-04-30T22:27:02 IST" name="runScenario" description="Runs Cucumber Scenarios" data-provider="scenarios" finished-at="2024-04-30T22:27:33 IST" duration-ms="31407" status="FAIL">
          <params>
            <param index="0">
              <value>
                <![CDATA["Verify if the user is able to login to the Application with valid username and invalid password"]]>
              </value>
            </param>
            <param index="1">
              <value>
                <![CDATA["Optional[Login Functionality]"]]>
              </value>
            </param>
          </params>
          <exception class="org.openqa.selenium.NoSuchElementException">
            <message>
              <![CDATA[no such element: Unable to locate element: {"method":"xpath","selector":"//h2[text()='Leaftaps Login']"}
  (Session info: chrome=124.0.6367.78)
For documentation on this error, please visit: https://www.selenium.dev/documentation/webdriver/troubleshooting/errors#no-such-element-exception
Build info: version: '4.17.0', revision: 'e52b1be057*'
System info: os.name: 'Linux', os.arch: 'amd64', os.version: '5.15.0-91-generic', java.version: '11.0.22'
Driver info: org.openqa.selenium.chrome.ChromeDriver
Command: [26c6a0b435d058bc1eb0fe1ee0bb24dd, findElement {value=//h2[text()='Leaftaps Login'], using=xpath}]
Capabilities {acceptInsecureCerts: false, browserName: chrome, browserVersion: 124.0.6367.78, chrome: {chromedriverVersion: 124.0.6367.78 (a087f2dd364d..., userDataDir: /tmp/.org.chromium.Chromium...}, fedcm:accounts: true, goog:chromeOptions: {debuggerAddress: localhost:38651}, networkConnectionEnabled: false, pageLoadStrategy: normal, platformName: linux, proxy: Proxy(), se:cdp: ws://localhost:38651/devtoo..., se:cdpVersion: 124.0.6367.78, setWindowRect: true, strictFileInteractability: false, timeouts: {implicit: 30000, pageLoad: 300000, script: 30000}, unhandledPromptBehavior: dismiss and notify, webauthn:extension:credBlob: true, webauthn:extension:largeBlob: true, webauthn:extension:minPinLength: true, webauthn:extension:prf: true, webauthn:virtualAuthenticators: true}
Session ID: 26c6a0b435d058bc1eb0fe1ee0bb24dd]]>
            </message>
            <full-stacktrace>
              <![CDATA[org.openqa.selenium.NoSuchElementException: no such element: Unable to locate element: {"method":"xpath","selector":"//h2[text()='Leaftaps Login']"}
  (Session info: chrome=124.0.6367.78)
For documentation on this error, please visit: https://www.selenium.dev/documentation/webdriver/troubleshooting/errors#no-such-element-exception
Build info: version: '4.17.0', revision: 'e52b1be057*'
System info: os.name: 'Linux', os.arch: 'amd64', os.version: '5.15.0-91-generic', java.version: '11.0.22'
Driver info: org.openqa.selenium.chrome.ChromeDriver
Command: [26c6a0b435d058bc1eb0fe1ee0bb24dd, findElement {value=//h2[text()='Leaftaps Login'], using=xpath}]
Capabilities {acceptInsecureCerts: false, browserName: chrome, browserVersion: 124.0.6367.78, chrome: {chromedriverVersion: 124.0.6367.78 (a087f2dd364d..., userDataDir: /tmp/.org.chromium.Chromium...}, fedcm:accounts: true, goog:chromeOptions: {debuggerAddress: localhost:38651}, networkConnectionEnabled: false, pageLoadStrategy: normal, platformName: linux, proxy: Proxy(), se:cdp: ws://localhost:38651/devtoo..., se:cdpVersion: 124.0.6367.78, setWindowRect: true, strictFileInteractability: false, timeouts: {implicit: 30000, pageLoad: 300000, script: 30000}, unhandledPromptBehavior: dismiss and notify, webauthn:extension:credBlob: true, webauthn:extension:largeBlob: true, webauthn:extension:minPinLength: true, webauthn:extension:prf: true, webauthn:virtualAuthenticators: true}
Session ID: 26c6a0b435d058bc1eb0fe1ee0bb24dd
at java.base/jdk.internal.reflect.NativeConstructorAccessorImpl.newInstance0(Native Method)
at java.base/jdk.internal.reflect.NativeConstructorAccessorImpl.newInstance(NativeConstructorAccessorImpl.java:62)
at java.base/jdk.internal.reflect.DelegatingConstructorAccessorImpl.newInstance(DelegatingConstructorAccessorImpl.java:45)
at java.base/java.lang.reflect.Constructor.newInstance(Constructor.java:490)
at org.openqa.selenium.remote.codec.w3c.W3CHttpResponseCodec.createException(W3CHttpResponseCodec.java:185)
at org.openqa.selenium.remote.codec.w3c.W3CHttpResponseCodec.decode(W3CHttpResponseCodec.java:134)
at org.openqa.selenium.remote.codec.w3c.W3CHttpResponseCodec.decode(W3CHttpResponseCodec.java:51)
at org.openqa.selenium.remote.HttpCommandExecutor.execute(HttpCommandExecutor.java:190)
at org.openqa.selenium.remote.service.DriverCommandExecutor.invokeExecute(DriverCommandExecutor.java:216)
at org.openqa.selenium.remote.service.DriverCommandExecutor.execute(DriverCommandExecutor.java:174)
at org.openqa.selenium.remote.RemoteWebDriver.execute(RemoteWebDriver.java:519)
at org.openqa.selenium.remote.ElementLocation$ElementFinder$2.findElement(ElementLocation.java:165)
at org.openqa.selenium.remote.ElementLocation.findElement(ElementLocation.java:59)
at org.openqa.selenium.remote.RemoteWebDriver.findElement(RemoteWebDriver.java:356)
at org.openqa.selenium.remote.RemoteWebDriver.findElement(RemoteWebDriver.java:350)
at pages.LoginPage.verifyLoginpage(LoginPage.java:59)
at ✽.User should not be logged in successfully(file:///home/oem/Pictures/Obsolete/Selenium-master/CucumberFramework/src/main/java/feature/Login.feature:29)
]]>
            </full-stacktrace>
          </exception> <!-- org.openqa.selenium.NoSuchElementException -->
          <reporter-output>
          </reporter-output>
        </test-method> <!-- runScenario -->
        <test-method is-config="true" signature="postCondition()[pri:0, instance:testcases.Create_Lead_01@34e9fd99]" started-at="2024-04-30T22:27:33 IST" name="postCondition" finished-at="2024-04-30T22:27:34 IST" duration-ms="147" status="PASS">
          <reporter-output>
          </reporter-output>
        </test-method> <!-- postCondition -->
        <test-method is-config="true" signature="preCondition(java.lang.String)[pri:0, instance:testcases.Create_Lead_01@34e9fd99]" started-at="2024-04-30T22:27:34 IST" name="preCondition" finished-at="2024-04-30T22:27:40 IST" duration-ms="6351" status="PASS">
          <params>
            <param index="0">
              <value>
                <![CDATA[english]]>
              </value>
            </param>
          </params>
          <reporter-output>
          </reporter-output>
        </test-method> <!-- preCondition -->
        <test-method signature="runScenario(io.cucumber.testng.PickleWrapper,io.cucumber.testng.FeatureWrapper)[pri:0, instance:testcases.Create_Lead_01@34e9fd99]" started-at="2024-04-30T22:27:40 IST" name="runScenario" description="Runs Cucumber Scenarios" data-provider="scenarios" finished-at="2024-04-30T22:27:45 IST" duration-ms="5136" status="PASS">
          <params>
            <param index="0">
              <value>
                <![CDATA["Verify if the user is able to login to the Application with valid username and invalid password"]]>
              </value>
            </param>
            <param index="1">
              <value>
                <![CDATA["Optional[Login Functionality]"]]>
              </value>
            </param>
          </params>
          <reporter-output>
          </reporter-output>
        </test-method> <!-- runScenario -->
        <test-method is-config="true" signature="postCondition()[pri:0, instance:testcases.Create_Lead_01@34e9fd99]" started-at="2024-04-30T22:27:45 IST" name="postCondition" finished-at="2024-04-30T22:27:45 IST" duration-ms="275" status="PASS">
          <reporter-output>
          </reporter-output>
        </test-method> <!-- postCondition -->
        <test-method is-config="true" signature="preCondition(java.lang.String)[pri:0, instance:testcases.Create_Lead_01@34e9fd99]" started-at="2024-04-30T22:27:45 IST" name="preCondition" finished-at="2024-04-30T22:27:52 IST" duration-ms="6917" status="PASS">
          <params>
            <param index="0">
              <value>
                <![CDATA[english]]>
              </value>
            </param>
          </params>
          <reporter-output>
          </reporter-output>
        </test-method> <!-- preCondition -->
        <test-method signature="runCreateLead(java.util.Map)[pri:0, instance:testcases.Create_Lead_01@34e9fd99]" started-at="2024-04-30T22:27:52 IST" name="runCreateLead" data-provider="fetchData" finished-at="2024-04-30T22:28:08 IST" duration-ms="15302" status="PASS">
          <params>
            <param index="0">
              <value>
                <![CDATA[{password=crmsfa, last name=Radhakrishnan, first name=Hari, company name=Testleaf, username=DemoCSR}]]>
              </value>
            </param>
          </params>
          <reporter-output>
          </reporter-output>
        </test-method> <!-- runCreateLead -->
        <test-method is-config="true" signature="postCondition()[pri:0, instance:testcases.Create_Lead_01@34e9fd99]" started-at="2024-04-30T22:28:08 IST" name="postCondition" finished-at="2024-04-30T22:28:08 IST" duration-ms="279" status="PASS">
          <reporter-output>
          </reporter-output>
        </test-method> <!-- postCondition -->
        <test-method is-config="true" signature="preCondition(java.lang.String)[pri:0, instance:testcases.Create_Lead_01@34e9fd99]" started-at="2024-04-30T22:28:08 IST" name="preCondition" finished-at="2024-04-30T22:28:15 IST" duration-ms="6635" status="PASS">
          <params>
            <param index="0">
              <value>
                <![CDATA[english]]>
              </value>
            </param>
          </params>
          <reporter-output>
          </reporter-output>
        </test-method> <!-- preCondition -->
        <test-method signature="runCreateLead(java.util.Map)[pri:0, instance:testcases.Create_Lead_01@34e9fd99]" started-at="2024-04-30T22:28:15 IST" name="runCreateLead" data-provider="fetchData" finished-at="2024-04-30T22:28:25 IST" duration-ms="10705" status="PASS">
          <params>
            <param index="0">
              <value>
                <![CDATA[{password=crmsfa, last name=R, first name=Aravind, company name=Queagle, username=DemoCSR}]]>
              </value>
            </param>
          </params>
          <reporter-output>
          </reporter-output>
        </test-method> <!-- runCreateLead -->
        <test-method is-config="true" signature="postCondition()[pri:0, instance:testcases.Create_Lead_01@34e9fd99]" started-at="2024-04-30T22:28:25 IST" name="postCondition" finished-at="2024-04-30T22:28:25 IST" duration-ms="211" status="PASS">
          <reporter-output>
          </reporter-output>
        </test-method> <!-- postCondition -->
        <test-method is-config="true" signature="tearDownClass()[pri:0, instance:testcases.Create_Lead_01@34e9fd99]" started-at="2024-04-30T22:28:25 IST" name="tearDownClass" finished-at="2024-04-30T22:28:26 IST" duration-ms="5" status="PASS">
          <reporter-output>
          </reporter-output>
        </test-method> <!-- tearDownClass -->
        <test-method is-config="true" signature="endResult()[pri:0, instance:testcases.Create_Lead_01@34e9fd99]" started-at="2024-04-30T22:28:26 IST" name="endResult" finished-at="2024-04-30T22:28:27 IST" duration-ms="925" status="PASS">
          <reporter-output>
          </reporter-output>
        </test-method> <!-- endResult -->
      </class> <!-- testcases.Create_Lead_01 -->
    </test> <!-- Test -->
  </suite> <!-- Suite -->
</testng-results>
