<?xml version="1.0" encoding="UTF-8"?>
<!-- Generated by org.testng.reporters.JUnitXMLReporter -->
<testsuite ignored="2" hostname="User" failures="0" tests="4" name="Properties_File_English" time="0.686" errors="0" timestamp="2024-04-30T21:06:08 IST">
  <testcase classname="base.ProjectSpecificMethods" name="@BeforeMethod preCondition" time="0.003">
    <failure type="java.lang.NullPointerException">
      <![CDATA[java.lang.NullPointerException
at base.ProjectSpecificMethods.preCondition(ProjectSpecificMethods.java:23)
at java.base/java.util.ArrayList.forEach(ArrayList.java:1541)
... Removed 31 stack frames]]>
    </failure>
  </testcase> <!-- @BeforeMethod preCondition -->
  <testcase classname="base.ProjectSpecificMethods" name="@AfterMethod postCondition" time="-1.714491367931E9">
    <skipped/>
  </testcase> <!-- @AfterMethod postCondition -->
  <testcase classname="base.ProjectSpecificMethods" name="@BeforeMethod preCondition" time="-1.714491367944E9">
    <skipped/>
  </testcase> <!-- @BeforeMethod preCondition -->
  <testcase classname="base.ProjectSpecificMethods" name="@AfterMethod postCondition" time="-1.714491367955E9">
    <skipped/>
  </testcase> <!-- @AfterMethod postCondition -->
  <testcase classname="base.ProjectSpecificMethods" name="@BeforeMethod preCondition" time="0.001">
    <failure type="java.lang.NullPointerException">
      <![CDATA[java.lang.NullPointerException
at base.ProjectSpecificMethods.preCondition(ProjectSpecificMethods.java:23)
at java.base/java.util.ArrayList.forEach(ArrayList.java:1541)
... Removed 31 stack frames]]>
    </failure>
  </testcase> <!-- @BeforeMethod preCondition -->
  <testcase classname="base.ProjectSpecificMethods" name="@AfterMethod postCondition" time="-1.714491368077E9">
    <skipped/>
  </testcase> <!-- @AfterMethod postCondition -->
  <testcase classname="base.ProjectSpecificMethods" name="@BeforeMethod preCondition" time="-1.714491368082E9">
    <skipped/>
  </testcase> <!-- @BeforeMethod preCondition -->
  <testcase classname="base.ProjectSpecificMethods" name="@AfterMethod postCondition" time="-1.714491368103E9">
    <skipped/>
  </testcase> <!-- @AfterMethod postCondition -->
  <testcase classname="testcases.Create_Lead_01" name="runCreateLead" time="0.0">
    <skipped/>
  </testcase> <!-- runCreateLead -->
  <testcase classname="testcases.Create_Lead_01" name="runCreateLead" time="0.0">
    <skipped/>
  </testcase> <!-- runCreateLead -->
  <testcase classname="testcases.Login_TC_01" name="runLogin" time="0.0">
    <skipped/>
  </testcase> <!-- runLogin -->
  <testcase classname="testcases.Login_TC_01" name="runLogin" time="0.0">
    <skipped/>
  </testcase> <!-- runLogin -->
  <testcase classname="utils.ExtentReport" name="@AfterSuite endResult" time="0.0">
    <ignored/>
  </testcase> <!-- @AfterSuite endResult -->
  <testcase classname="utils.ExtentReport" name="@BeforeSuite startReport" time="0.0">
    <ignored/>
  </testcase> <!-- @BeforeSuite startReport -->
</testsuite> <!-- Properties_File_English -->
